<?xml version="1.0" encoding="UTF-8"?>
<!-- Generated by org.testng.reporters.JUnitReportReporter -->
<testsuite skipped="0" hostname="LAPTOP-E6IB6DK6" name="com.moneykeyuser.testCase.TC_VerifyCheckoutPage" tests="1" failures="0" timestamp="04 Jun 2021 18:31:23 GMT" time="14.952" errors="0">
  <testcase name="json" time="14.952" classname="com.moneykeyuser.testCase.TC_VerifyCheckoutPage"/>
</testsuite> <!-- com.moneykeyuser.testCase.TC_VerifyCheckoutPage -->
