<?xml version="1.0" encoding="UTF-8"?>
<!-- Generated by org.testng.reporters.JUnitReportReporter -->
<testsuite skipped="0" hostname="LAPTOP-E6IB6DK6" name="com.moneykeyuser.testCase.TC_ViewDecComic" tests="1" failures="0" timestamp="04 Jun 2021 18:01:02 GMT" time="14.550" errors="0">
  <testcase name="ViewDateComic" time="14.550" classname="com.moneykeyuser.testCase.TC_ViewDecComic"/>
</testsuite> <!-- com.moneykeyuser.testCase.TC_ViewDecComic -->
